<?xml version="1.0" encoding="UTF-8"?>
<testng-results ignored="0" total="3" passed="3" failed="0" skipped="0">
  <reporter-output>
  </reporter-output>
  <suite started-at="2024-02-27T20:50:30 EST" name="logfile" finished-at="2024-02-27T20:50:40 EST" duration-ms="10036">
    <groups>
    </groups>
    <test started-at="2024-02-27T20:50:30 EST" name="Test" finished-at="2024-02-27T20:50:40 EST" duration-ms="10036">
      <class name="ealtestng_pack.Logtestng">
        <test-method is-config="true" signature="beforeTest()[pri:0, instance:ealtestng_pack.Logtestng@62da83ed]" started-at="2024-02-27T20:50:30 EST" name="beforeTest" finished-at="2024-02-27T20:50:30 EST" duration-ms="36" status="PASS">
          <reporter-output>
          </reporter-output>
        </test-method> <!-- beforeTest -->
        <test-method is-config="true" signature="beforeClass(java.lang.String,java.lang.String)[pri:0, instance:ealtestng_pack.Logtestng@62da83ed]" started-at="2024-02-27T20:50:30 EST" name="beforeClass" finished-at="2024-02-27T20:50:38 EST" duration-ms="7940" status="PASS">
          <params>
            <param index="0">
              <value>
                <![CDATA[chrome]]>
              </value>
            </param>
            <param index="1">
              <value>
                <![CDATA[https://www.google.com/]]>
              </value>
            </param>
          </params>
          <reporter-output>
          </reporter-output>
        </test-method> <!-- beforeClass -->
        <test-method signature="login()[pri:0, instance:ealtestng_pack.Logtestng@62da83ed]" started-at="2024-02-27T20:50:38 EST" name="login" finished-at="2024-02-27T20:50:38 EST" duration-ms="48" status="PASS">
          <reporter-output>
          </reporter-output>
        </test-method> <!-- login -->
        <test-method signature="t2()[pri:0, instance:ealtestng_pack.Logtestng@62da83ed]" started-at="2024-02-27T20:50:39 EST" name="t2" finished-at="2024-02-27T20:50:39 EST" duration-ms="5" status="PASS">
          <reporter-output>
          </reporter-output>
        </test-method> <!-- t2 -->
        <test-method signature="verify_homepage()[pri:0, instance:ealtestng_pack.Logtestng@62da83ed]" started-at="2024-02-27T20:50:39 EST" name="verify_homepage" finished-at="2024-02-27T20:50:39 EST" duration-ms="279" status="PASS">
          <reporter-output>
          </reporter-output>
        </test-method> <!-- verify_homepage -->
        <test-method is-config="true" signature="afterClass()[pri:0, instance:ealtestng_pack.Logtestng@62da83ed]" started-at="2024-02-27T20:50:40 EST" name="afterClass" finished-at="2024-02-27T20:50:40 EST" duration-ms="305" status="PASS">
          <reporter-output>
          </reporter-output>
        </test-method> <!-- afterClass -->
        <test-method is-config="true" signature="afterTest()[pri:0, instance:ealtestng_pack.Logtestng@62da83ed]" started-at="2024-02-27T20:50:40 EST" name="afterTest" finished-at="2024-02-27T20:50:40 EST" duration-ms="3" status="PASS">
          <reporter-output>
          </reporter-output>
        </test-method> <!-- afterTest -->
      </class> <!-- ealtestng_pack.Logtestng -->
    </test> <!-- Test -->
  </suite> <!-- logfile -->
</testng-results>
