<?xml version="1.0" encoding="UTF-8"?>
<!-- Generated by org.testng.reporters.JUnitXMLReporter -->
<testsuite ignored="0" hostname="farukalam" failures="0" tests="3" name="Default test" time="0.685" errors="0" timestamp="2024-02-22T14:36:20 EST">
  <testcase classname="ealtestng_pack.Ex_tent" name="navigatehomepage" time="0.016"/>
  <testcase classname="ealtestng_pack.Ex_tent" name="t2" time="0.002"/>
  <testcase classname="ealtestng_pack.Ex_tent" name="t3" time="0.003"/>
</testsuite> <!-- Default test -->
