<?xml version="1.0" encoding="UTF-8"?>
<!-- Generated by org.testng.reporters.JUnitXMLReporter -->
<testsuite ignored="0" hostname="farukalam" failures="0" tests="3" name="Test" time="10.036" errors="0" timestamp="2024-02-27T20:50:41 EST">
  <testcase classname="ealtestng_pack.Logtestng" name="login" time="0.048"/>
  <testcase classname="ealtestng_pack.Logtestng" name="t2" time="0.005"/>
  <testcase classname="ealtestng_pack.Logtestng" name="verify_homepage" time="0.279"/>
</testsuite> <!-- Test -->
