<?xml version="1.0" encoding="UTF-8"?>
<!-- Generated by org.testng.reporters.JUnitXMLReporter -->
<testsuite ignored="0" hostname="DESKTOP-B0OQN32" failures="0" tests="3" name="Test" time="6.129" errors="0" timestamp="2024-03-16T15:53:00 EDT">
  <testcase classname="ealtestng_pack.Logtestng" name="login" time="0.014"/>
  <testcase classname="ealtestng_pack.Logtestng" name="t2" time="0.001"/>
  <testcase classname="ealtestng_pack.Logtestng" name="verify_homepage" time="0.158"/>
</testsuite> <!-- Test -->
